2023-12-18 11:25:05 INFO  c.b.C.CursoRestApplication:50 - Starting CursoRestApplication using Java 17.0.6 with PID 8428 (C:\Users\br1st\CursoRest\target\classes started by br1st in C:\Users\br1st\CursoRest)
2023-12-18 11:25:05 INFO  c.b.C.CursoRestApplication:653 - No active profile set, falling back to 1 default profile: "default"
2023-12-18 11:25:07 INFO  o.s.d.r.c.RepositoryConfigurationDelegate:139 - Bootstrapping Spring Data JPA repositories in DEFAULT mode.
2023-12-18 11:25:07 INFO  o.s.d.r.c.RepositoryConfigurationDelegate:208 - Finished Spring Data repository scanning in 131 ms. Found 3 JPA repository interfaces.
2023-12-18 11:25:08 INFO  o.s.b.w.e.t.TomcatWebServer:108 - Tomcat initialized with port 8080 (http)
2023-12-18 11:25:08 INFO  o.a.c.h.Http11NioProtocol:173 - Initializing ProtocolHandler ["http-nio-8080"]
2023-12-18 11:25:08 INFO  o.a.c.c.StandardService:173 - Starting service [Tomcat]
2023-12-18 11:25:08 INFO  o.a.c.c.StandardEngine:173 - Starting Servlet engine: [Apache Tomcat/10.1.16]
2023-12-18 11:25:09 INFO  o.a.c.c.C.[.[.[/]:173 - Initializing Spring embedded WebApplicationContext
2023-12-18 11:25:09 INFO  o.s.b.w.s.c.ServletWebServerApplicationContext:296 - Root WebApplicationContext: initialization completed in 3485 ms
2023-12-18 11:25:09 INFO  o.h.j.i.u.LogHelper:31 - HHH000204: Processing PersistenceUnitInfo [name: default]
2023-12-18 11:25:09 INFO  o.h.Version:44 - HHH000412: Hibernate ORM core version 6.3.1.Final
2023-12-18 11:25:09 INFO  o.h.c.i.RegionFactoryInitiator:50 - HHH000026: Second-level cache disabled
2023-12-18 11:25:10 INFO  o.s.o.j.p.SpringPersistenceUnitInfo:87 - No LoadTimeWeaver setup: ignoring JPA class transformer
2023-12-18 11:25:10 INFO  c.z.h.HikariDataSource:110 - HikariPool-1 - Starting...
2023-12-18 11:25:10 INFO  c.z.h.p.HikariPool:565 - HikariPool-1 - Added connection conn0: url=jdbc:h2:~/db_estudiantes user=SA
2023-12-18 11:25:11 INFO  c.z.h.HikariDataSource:123 - HikariPool-1 - Start completed.
2023-12-18 11:25:11 WARN  o.h.o.deprecation:152 - HHH90000025: H2Dialect does not need to be specified explicitly using 'hibernate.dialect' (remove the property setting and it will be selected by default)
2023-12-18 11:25:13 INFO  o.h.e.t.j.p.i.JtaPlatformInitiator:58 - HHH000489: No JTA platform available (set 'hibernate.transaction.jta.platform' to enable JTA platform integration)
2023-12-18 11:25:13 INFO  o.s.o.j.LocalContainerEntityManagerFactoryBean:437 - Initialized JPA EntityManagerFactory for persistence unit 'default'
2023-12-18 11:25:13 WARN  o.s.b.a.o.j.JpaBaseConfiguration$JpaWebConfiguration:232 - spring.jpa.open-in-view is enabled by default. Therefore, database queries may be performed during view rendering. Explicitly configure spring.jpa.open-in-view to disable this warning
2023-12-18 11:25:14 INFO  o.a.c.h.Http11NioProtocol:173 - Starting ProtocolHandler ["http-nio-8080"]
2023-12-18 11:25:14 INFO  o.s.b.w.e.t.TomcatWebServer:221 - Tomcat started on port 8080 (http) with context path ''
2023-12-18 11:25:14 INFO  c.b.C.CursoRestApplication:56 - Started CursoRestApplication in 10.617 seconds (process running for 11.589)
2023-12-18 11:25:18 INFO  o.a.c.c.C.[.[.[/]:173 - Initializing Spring DispatcherServlet 'dispatcherServlet'
2023-12-18 11:25:18 INFO  o.s.w.s.DispatcherServlet:532 - Initializing Servlet 'dispatcherServlet'
2023-12-18 11:25:18 INFO  o.s.w.s.DispatcherServlet:554 - Completed initialization in 1 ms
2023-12-18 11:25:19 ERROR c.b.C.GlobalExceptionHandler:17 - Failed to convert value of type 'java.lang.String' to required type 'java.lang.Long'; For input string: "p"
2023-12-18 11:25:25 INFO  o.s.o.j.LocalContainerEntityManagerFactoryBean:650 - Closing JPA EntityManagerFactory for persistence unit 'default'
2023-12-18 11:25:25 INFO  c.z.h.HikariDataSource:350 - HikariPool-1 - Shutdown initiated...
2023-12-18 11:25:25 INFO  c.z.h.HikariDataSource:352 - HikariPool-1 - Shutdown completed.
2023-12-18 17:31:19 INFO  c.b.C.CursoRestApplication:50 - Starting CursoRestApplication using Java 17.0.6 with PID 4908 (C:\Users\br1st\CursoRest\target\classes started by br1st in C:\Users\br1st\CursoRest)
2023-12-18 17:31:19 INFO  c.b.C.CursoRestApplication:653 - No active profile set, falling back to 1 default profile: "default"
2023-12-18 17:31:23 INFO  o.s.d.r.c.RepositoryConfigurationDelegate:139 - Bootstrapping Spring Data JPA repositories in DEFAULT mode.
2023-12-18 17:31:23 INFO  o.s.d.r.c.RepositoryConfigurationDelegate:208 - Finished Spring Data repository scanning in 209 ms. Found 3 JPA repository interfaces.
2023-12-18 17:31:25 INFO  o.s.b.w.e.t.TomcatWebServer:108 - Tomcat initialized with port 8080 (http)
2023-12-18 17:31:25 INFO  o.a.c.h.Http11NioProtocol:173 - Initializing ProtocolHandler ["http-nio-8080"]
2023-12-18 17:31:25 INFO  o.a.c.c.StandardService:173 - Starting service [Tomcat]
2023-12-18 17:31:25 INFO  o.a.c.c.StandardEngine:173 - Starting Servlet engine: [Apache Tomcat/10.1.16]
2023-12-18 17:31:25 INFO  o.a.c.c.C.[.[.[/]:173 - Initializing Spring embedded WebApplicationContext
2023-12-18 17:31:25 INFO  o.s.b.w.s.c.ServletWebServerApplicationContext:296 - Root WebApplicationContext: initialization completed in 6263 ms
2023-12-18 17:31:26 INFO  o.h.j.i.u.LogHelper:31 - HHH000204: Processing PersistenceUnitInfo [name: default]
2023-12-18 17:31:26 INFO  o.h.Version:44 - HHH000412: Hibernate ORM core version 6.3.1.Final
2023-12-18 17:31:26 INFO  o.h.c.i.RegionFactoryInitiator:50 - HHH000026: Second-level cache disabled
2023-12-18 17:31:27 INFO  o.s.o.j.p.SpringPersistenceUnitInfo:87 - No LoadTimeWeaver setup: ignoring JPA class transformer
2023-12-18 17:31:27 INFO  c.z.h.HikariDataSource:110 - HikariPool-1 - Starting...
2023-12-18 17:31:28 INFO  c.z.h.p.HikariPool:565 - HikariPool-1 - Added connection conn0: url=jdbc:h2:~/db_estudiantes user=SA
2023-12-18 17:31:28 INFO  c.z.h.HikariDataSource:123 - HikariPool-1 - Start completed.
2023-12-18 17:31:28 WARN  o.h.o.deprecation:152 - HHH90000025: H2Dialect does not need to be specified explicitly using 'hibernate.dialect' (remove the property setting and it will be selected by default)
2023-12-18 17:31:30 INFO  o.h.e.t.j.p.i.JtaPlatformInitiator:58 - HHH000489: No JTA platform available (set 'hibernate.transaction.jta.platform' to enable JTA platform integration)
2023-12-18 17:31:30 INFO  o.s.o.j.LocalContainerEntityManagerFactoryBean:437 - Initialized JPA EntityManagerFactory for persistence unit 'default'
2023-12-18 17:31:32 WARN  o.s.b.a.o.j.JpaBaseConfiguration$JpaWebConfiguration:232 - spring.jpa.open-in-view is enabled by default. Therefore, database queries may be performed during view rendering. Explicitly configure spring.jpa.open-in-view to disable this warning
2023-12-18 17:31:34 INFO  o.a.c.h.Http11NioProtocol:173 - Starting ProtocolHandler ["http-nio-8080"]
2023-12-18 17:31:34 INFO  o.s.b.w.e.t.TomcatWebServer:221 - Tomcat started on port 8080 (http) with context path ''
2023-12-18 17:31:34 INFO  c.b.C.CursoRestApplication:56 - Started CursoRestApplication in 17.159 seconds (process running for 18.74)
2023-12-18 17:31:34 INFO  o.a.c.c.C.[.[.[/]:173 - Initializing Spring DispatcherServlet 'dispatcherServlet'
2023-12-18 17:31:35 INFO  o.s.w.s.DispatcherServlet:532 - Initializing Servlet 'dispatcherServlet'
2023-12-18 17:31:35 INFO  o.s.w.s.DispatcherServlet:554 - Completed initialization in 12 ms
2023-12-18 17:31:37 INFO  o.s.a.AbstractOpenApiResource:390 - Init duration for springdoc-openapi is: 1120 ms
2023-12-18 17:32:08 INFO  o.s.o.j.LocalContainerEntityManagerFactoryBean:650 - Closing JPA EntityManagerFactory for persistence unit 'default'
2023-12-18 17:32:08 INFO  c.z.h.HikariDataSource:350 - HikariPool-1 - Shutdown initiated...
2023-12-18 17:32:08 INFO  c.z.h.HikariDataSource:352 - HikariPool-1 - Shutdown completed.
2023-12-18 17:54:03 INFO  c.b.C.CursoRestApplication:50 - Starting CursoRestApplication using Java 17.0.6 with PID 11956 (C:\Users\br1st\CursoRest\target\classes started by br1st in C:\Users\br1st\CursoRest)
2023-12-18 17:54:03 INFO  c.b.C.CursoRestApplication:653 - No active profile set, falling back to 1 default profile: "default"
2023-12-18 17:54:06 INFO  o.s.d.r.c.RepositoryConfigurationDelegate:139 - Bootstrapping Spring Data JPA repositories in DEFAULT mode.
2023-12-18 17:54:06 INFO  o.s.d.r.c.RepositoryConfigurationDelegate:208 - Finished Spring Data repository scanning in 139 ms. Found 3 JPA repository interfaces.
2023-12-18 17:54:08 INFO  o.s.b.w.e.t.TomcatWebServer:108 - Tomcat initialized with port 8080 (http)
2023-12-18 17:54:08 INFO  o.a.c.h.Http11NioProtocol:173 - Initializing ProtocolHandler ["http-nio-8080"]
2023-12-18 17:54:08 INFO  o.a.c.c.StandardService:173 - Starting service [Tomcat]
2023-12-18 17:54:08 INFO  o.a.c.c.StandardEngine:173 - Starting Servlet engine: [Apache Tomcat/10.1.16]
2023-12-18 17:54:08 INFO  o.a.c.c.C.[.[.[/]:173 - Initializing Spring embedded WebApplicationContext
2023-12-18 17:54:08 INFO  o.s.b.w.s.c.ServletWebServerApplicationContext:296 - Root WebApplicationContext: initialization completed in 5236 ms
2023-12-18 17:54:09 INFO  o.h.j.i.u.LogHelper:31 - HHH000204: Processing PersistenceUnitInfo [name: default]
2023-12-18 17:54:09 INFO  o.h.Version:44 - HHH000412: Hibernate ORM core version 6.3.1.Final
2023-12-18 17:54:09 INFO  o.h.c.i.RegionFactoryInitiator:50 - HHH000026: Second-level cache disabled
2023-12-18 17:54:10 INFO  o.s.o.j.p.SpringPersistenceUnitInfo:87 - No LoadTimeWeaver setup: ignoring JPA class transformer
2023-12-18 17:54:10 INFO  c.z.h.HikariDataSource:110 - HikariPool-1 - Starting...
2023-12-18 17:54:11 INFO  c.z.h.p.HikariPool:565 - HikariPool-1 - Added connection conn0: url=jdbc:h2:~/db_estudiantes user=SA
2023-12-18 17:54:11 INFO  c.z.h.HikariDataSource:123 - HikariPool-1 - Start completed.
2023-12-18 17:54:11 WARN  o.h.o.deprecation:152 - HHH90000025: H2Dialect does not need to be specified explicitly using 'hibernate.dialect' (remove the property setting and it will be selected by default)
2023-12-18 17:54:13 INFO  o.h.e.t.j.p.i.JtaPlatformInitiator:58 - HHH000489: No JTA platform available (set 'hibernate.transaction.jta.platform' to enable JTA platform integration)
2023-12-18 17:54:13 INFO  o.s.o.j.LocalContainerEntityManagerFactoryBean:437 - Initialized JPA EntityManagerFactory for persistence unit 'default'
2023-12-18 17:54:15 WARN  o.s.b.a.o.j.JpaBaseConfiguration$JpaWebConfiguration:232 - spring.jpa.open-in-view is enabled by default. Therefore, database queries may be performed during view rendering. Explicitly configure spring.jpa.open-in-view to disable this warning
2023-12-18 17:54:16 INFO  o.a.c.h.Http11NioProtocol:173 - Starting ProtocolHandler ["http-nio-8080"]
2023-12-18 17:54:16 INFO  o.s.b.w.e.t.TomcatWebServer:221 - Tomcat started on port 8080 (http) with context path ''
2023-12-18 17:54:16 INFO  c.b.C.CursoRestApplication:56 - Started CursoRestApplication in 15.095 seconds (process running for 16.915)
2023-12-18 17:55:00 INFO  o.s.o.j.LocalContainerEntityManagerFactoryBean:650 - Closing JPA EntityManagerFactory for persistence unit 'default'
2023-12-18 17:55:00 INFO  c.z.h.HikariDataSource:350 - HikariPool-1 - Shutdown initiated...
2023-12-18 17:55:00 INFO  c.z.h.HikariDataSource:352 - HikariPool-1 - Shutdown completed.
2023-12-18 18:28:22 INFO  c.b.C.CursoRestApplication:50 - Starting CursoRestApplication using Java 17.0.6 with PID 15440 (C:\Users\br1st\CursoRest\target\classes started by br1st in C:\Users\br1st\CursoRest)
2023-12-18 18:28:22 INFO  c.b.C.CursoRestApplication:653 - No active profile set, falling back to 1 default profile: "default"
2023-12-18 18:28:25 INFO  o.s.d.r.c.RepositoryConfigurationDelegate:139 - Bootstrapping Spring Data JPA repositories in DEFAULT mode.
2023-12-18 18:28:26 INFO  o.s.d.r.c.RepositoryConfigurationDelegate:208 - Finished Spring Data repository scanning in 246 ms. Found 3 JPA repository interfaces.
2023-12-18 18:28:28 INFO  o.s.b.w.e.t.TomcatWebServer:108 - Tomcat initialized with port 8080 (http)
2023-12-18 18:28:28 INFO  o.s.b.w.s.c.ServletWebServerApplicationContext:296 - Root WebApplicationContext: initialization completed in 5427 ms
2023-12-18 18:28:29 INFO  o.h.j.i.u.LogHelper:31 - HHH000204: Processing PersistenceUnitInfo [name: default]
2023-12-18 18:28:29 INFO  o.h.Version:44 - HHH000412: Hibernate ORM core version 6.3.1.Final
2023-12-18 18:28:29 INFO  o.h.c.i.RegionFactoryInitiator:50 - HHH000026: Second-level cache disabled
2023-12-18 18:28:30 INFO  o.s.o.j.p.SpringPersistenceUnitInfo:87 - No LoadTimeWeaver setup: ignoring JPA class transformer
2023-12-18 18:28:30 INFO  c.z.h.HikariDataSource:110 - HikariPool-1 - Starting...
2023-12-18 18:28:31 INFO  c.z.h.p.HikariPool:565 - HikariPool-1 - Added connection conn0: url=jdbc:h2:~/db_estudiantes user=SA
2023-12-18 18:28:31 INFO  c.z.h.HikariDataSource:123 - HikariPool-1 - Start completed.
2023-12-18 18:28:31 WARN  o.h.o.deprecation:152 - HHH90000025: H2Dialect does not need to be specified explicitly using 'hibernate.dialect' (remove the property setting and it will be selected by default)
2023-12-18 18:28:33 INFO  o.h.e.t.j.p.i.JtaPlatformInitiator:58 - HHH000489: No JTA platform available (set 'hibernate.transaction.jta.platform' to enable JTA platform integration)
2023-12-18 18:28:33 INFO  o.s.o.j.LocalContainerEntityManagerFactoryBean:437 - Initialized JPA EntityManagerFactory for persistence unit 'default'
2023-12-18 18:28:35 WARN  o.s.b.a.o.j.JpaBaseConfiguration$JpaWebConfiguration:232 - spring.jpa.open-in-view is enabled by default. Therefore, database queries may be performed during view rendering. Explicitly configure spring.jpa.open-in-view to disable this warning
2023-12-18 18:28:37 INFO  o.s.b.w.e.t.TomcatWebServer:221 - Tomcat started on port 8080 (http) with context path ''
2023-12-18 18:28:37 INFO  c.b.C.CursoRestApplication:56 - Started CursoRestApplication in 16.014 seconds (process running for 17.576)
2023-12-18 18:29:52 INFO  c.b.C.CursoRestApplicationTests:50 - Starting CursoRestApplicationTests using Java 17.0.6 with PID 16800 (started by br1st in C:\Users\br1st\CursoRest)
2023-12-18 18:29:52 INFO  c.b.C.CursoRestApplicationTests:653 - No active profile set, falling back to 1 default profile: "default"
2023-12-18 18:29:55 INFO  o.s.d.r.c.RepositoryConfigurationDelegate:139 - Bootstrapping Spring Data JPA repositories in DEFAULT mode.
2023-12-18 18:29:55 INFO  o.s.d.r.c.RepositoryConfigurationDelegate:208 - Finished Spring Data repository scanning in 183 ms. Found 3 JPA repository interfaces.
2023-12-18 18:29:57 INFO  o.h.j.i.u.LogHelper:31 - HHH000204: Processing PersistenceUnitInfo [name: default]
2023-12-18 18:29:57 INFO  o.h.Version:44 - HHH000412: Hibernate ORM core version 6.3.1.Final
2023-12-18 18:29:58 INFO  o.h.c.i.RegionFactoryInitiator:50 - HHH000026: Second-level cache disabled
2023-12-18 18:29:59 INFO  o.s.o.j.p.SpringPersistenceUnitInfo:87 - No LoadTimeWeaver setup: ignoring JPA class transformer
2023-12-18 18:29:59 INFO  c.z.h.HikariDataSource:110 - HikariPool-1 - Starting...
2023-12-18 18:30:00 INFO  c.z.h.p.HikariPool:565 - HikariPool-1 - Added connection conn0: url=jdbc:h2:~/db_estudiantes user=SA
2023-12-18 18:30:00 INFO  c.z.h.HikariDataSource:123 - HikariPool-1 - Start completed.
2023-12-18 18:30:00 WARN  o.h.o.deprecation:152 - HHH90000025: H2Dialect does not need to be specified explicitly using 'hibernate.dialect' (remove the property setting and it will be selected by default)
2023-12-18 18:30:03 INFO  o.h.e.t.j.p.i.JtaPlatformInitiator:58 - HHH000489: No JTA platform available (set 'hibernate.transaction.jta.platform' to enable JTA platform integration)
2023-12-18 18:30:03 INFO  o.s.o.j.LocalContainerEntityManagerFactoryBean:437 - Initialized JPA EntityManagerFactory for persistence unit 'default'
2023-12-18 18:30:05 WARN  o.s.b.a.o.j.JpaBaseConfiguration$JpaWebConfiguration:232 - spring.jpa.open-in-view is enabled by default. Therefore, database queries may be performed during view rendering. Explicitly configure spring.jpa.open-in-view to disable this warning
2023-12-18 18:30:06 INFO  c.b.C.CursoRestApplicationTests:56 - Started CursoRestApplicationTests in 15.793 seconds (process running for 22.255)
2023-12-18 18:30:08 INFO  o.s.t.c.s.AnnotationConfigContextLoaderUtils:83 - Could not detect default configuration classes for test class [com.brunix.CursoRest.service.impl.EstudianteServiceTest]: EstudianteServiceTest does not declare any static, non-private, non-final, nested classes annotated with @Configuration.
2023-12-18 18:30:08 INFO  o.s.b.t.c.SpringBootTestContextBootstrapper:234 - Found @SpringBootConfiguration com.brunix.CursoRest.CursoRestApplication for test class com.brunix.CursoRest.service.impl.EstudianteServiceTest
2023-12-18 18:30:09 INFO  o.s.o.j.LocalContainerEntityManagerFactoryBean:650 - Closing JPA EntityManagerFactory for persistence unit 'default'
2023-12-18 18:30:09 WARN  o.h.e.j.s.SqlExceptionHelper:145 - SQL Error: 90121, SQLState: 90121
2023-12-18 18:30:09 ERROR o.h.e.j.s.SqlExceptionHelper:150 - La base de datos ya esta cerrada (para des-habilitar el cerrado automatico durante el shutdown de la VM, agregue ";DB_CLOSE_ON_EXIT=FALSE" a la URL de conexión)
Database is already closed (to disable automatic closing at VM shutdown, add ";DB_CLOSE_ON_EXIT=FALSE" to the db URL) [90121-224]
2023-12-18 18:30:09 WARN  o.h.e.j.s.SqlExceptionHelper:145 - SQL Error: 90121, SQLState: 90121
2023-12-18 18:30:09 ERROR o.h.e.j.s.SqlExceptionHelper:150 - La base de datos ya esta cerrada (para des-habilitar el cerrado automatico durante el shutdown de la VM, agregue ";DB_CLOSE_ON_EXIT=FALSE" a la URL de conexión)
Database is already closed (to disable automatic closing at VM shutdown, add ";DB_CLOSE_ON_EXIT=FALSE" to the db URL) [90121-224]
2023-12-18 18:30:09 WARN  o.s.b.f.s.DisposableBeanAdapter:221 - Invocation of destroy method failed on bean with name 'entityManagerFactory': org.hibernate.exception.JDBCConnectionException: Unable to release JDBC Connection used for DDL execution [La base de datos ya esta cerrada (para des-habilitar el cerrado automatico durante el shutdown de la VM, agregue ";DB_CLOSE_ON_EXIT=FALSE" a la URL de conexión)
Database is already closed (to disable automatic closing at VM shutdown, add ";DB_CLOSE_ON_EXIT=FALSE" to the db URL) [90121-224]] [n/a]
2023-12-18 18:30:09 INFO  c.z.h.HikariDataSource:350 - HikariPool-1 - Shutdown initiated...
2023-12-18 18:30:09 INFO  c.z.h.HikariDataSource:352 - HikariPool-1 - Shutdown completed.
